# JRE version: OpenJDK Runtime Environment (21.0.5) (build 21.0.5+-13047016-b750.29)
# Java VM: OpenJDK 64-Bit Server VM (21.0.5+-13047016-b750.29, mixed mode, tiered, compressed oops, compressed class ptrs, g1 gc, windows-amd64)
GC Precious Log:
 CardTable entry size: 512
 Card Set container configuration: InlinePtr #cards 5 size 8 Array Of Cards #cards 12 size 40 Howl #buckets 4 coarsen threshold 1843 Howl Bitmap #cards 512 size 80 coarsen threshold 460 Card regions per heap region 1 cards per card region 2048
 CPUs: 4 total, 4 available
 Memory: 7934M
 Large Page Support: Disabled
 NUMA Support: Disabled
 Compressed Oops: Enabled (32-bit)
 Heap Region Size: 1M
 Heap Min Capacity: 8M
 Heap Initial Capacity: 124M
 Heap Max Capacity: 2G
 Pre-touch: Disabled
 Parallel Workers: 4
 Concurrent Workers: 1
 Concurrent Refinement Workers: 4
 Periodic GC: Disabled
Heap:
 garbage-first heap   total 264192K, used 212071K [0x0000000080000000, 0x0000000100000000)
  region size 1024K, 88 young (90112K), 12 survivors (12288K)
 Metaspace       used 148022K, committed 150336K, reserved 1179648K
  class space    used 19483K, committed 20672K, reserved 1048576K
GC Heap History (20 events):
Event: 444.287 GC heap before
{Heap before GC invocations=56 (full 0):
 garbage-first heap   total 258048K, used 227086K [0x0000000080000000, 0x0000000100000000)
  region size 1024K, 66 young (67584K), 9 survivors (9216K)
 Metaspace       used 124167K, committed 126464K, reserved 1179648K
  class space    used 16424K, committed 17600K, reserved 1048576K
}
Event: 444.306 GC heap after
{Heap after GC invocations=57 (full 0):
 garbage-first heap   total 258048K, used 154002K [0x0000000080000000, 0x0000000100000000)
  region size 1024K, 2 young (2048K), 2 survivors (2048K)
 Metaspace       used 124167K, committed 126464K, reserved 1179648K
  class space    used 16424K, committed 17600K, reserved 1048576K
}
Event: 448.106 GC heap before
{Heap before GC invocations=57 (full 0):
 garbage-first heap   total 258048K, used 228754K [0x0000000080000000, 0x0000000100000000)
  region size 1024K, 76 young (77824K), 2 survivors (2048K)
 Metaspace       used 125725K, committed 127936K, reserved 1179648K
  class space    used 16558K, committed 17664K, reserved 1048576K
}
Event: 448.131 GC heap after
{Heap after GC invocations=58 (full 0):
 garbage-first heap   total 258048K, used 143854K [0x0000000080000000, 0x0000000100000000)
  region size 1024K, 7 young (7168K), 7 survivors (7168K)
 Metaspace       used 125725K, committed 127936K, reserved 1179648K
  class space    used 16558K, committed 17664K, reserved 1048576K
}
Event: 451.195 GC heap before
{Heap before GC invocations=58 (full 0):
 garbage-first heap   total 258048K, used 234990K [0x0000000080000000, 0x0000000100000000)
  region size 1024K, 91 young (93184K), 7 survivors (7168K)
 Metaspace       used 126485K, committed 128768K, reserved 1179648K
  class space    used 16601K, committed 17728K, reserved 1048576K
}
Event: 451.208 GC heap after
{Heap after GC invocations=59 (full 0):
 garbage-first heap   total 258048K, used 145210K [0x0000000080000000, 0x0000000100000000)
  region size 1024K, 6 young (6144K), 6 survivors (6144K)
 Metaspace       used 126485K, committed 128768K, reserved 1179648K
  class space    used 16601K, committed 17728K, reserved 1048576K
}
Event: 451.225 GC heap before
{Heap before GC invocations=59 (full 0):
 garbage-first heap   total 258048K, used 145210K [0x0000000080000000, 0x0000000100000000)
  region size 1024K, 7 young (7168K), 6 survivors (6144K)
 Metaspace       used 126565K, committed 128832K, reserved 1179648K
  class space    used 16609K, committed 17728K, reserved 1048576K
}
Event: 451.231 GC heap after
{Heap after GC invocations=60 (full 0):
 garbage-first heap   total 258048K, used 141994K [0x0000000080000000, 0x0000000100000000)
  region size 1024K, 5 young (5120K), 5 survivors (5120K)
 Metaspace       used 126565K, committed 128832K, reserved 1179648K
  class space    used 16609K, committed 17728K, reserved 1048576K
}
Event: 453.067 GC heap before
{Heap before GC invocations=61 (full 0):
 garbage-first heap   total 258048K, used 234154K [0x0000000080000000, 0x0000000100000000)
  region size 1024K, 99 young (101376K), 5 survivors (5120K)
 Metaspace       used 136626K, committed 138944K, reserved 1179648K
  class space    used 18054K, committed 19200K, reserved 1048576K
}
Event: 453.094 GC heap after
{Heap after GC invocations=62 (full 0):
 garbage-first heap   total 258048K, used 145456K [0x0000000080000000, 0x0000000100000000)
  region size 1024K, 13 young (13312K), 13 survivors (13312K)
 Metaspace       used 136626K, committed 138944K, reserved 1179648K
  class space    used 18054K, committed 19200K, reserved 1048576K
}
Event: 455.385 GC heap before
{Heap before GC invocations=62 (full 0):
 garbage-first heap   total 258048K, used 228400K [0x0000000080000000, 0x0000000100000000)
  region size 1024K, 95 young (97280K), 13 survivors (13312K)
 Metaspace       used 142235K, committed 144576K, reserved 1179648K
  class space    used 18734K, committed 19840K, reserved 1048576K
}
Event: 455.410 GC heap after
{Heap after GC invocations=63 (full 0):
 garbage-first heap   total 258048K, used 130560K [0x0000000080000000, 0x0000000100000000)
  region size 1024K, 3 young (3072K), 3 survivors (3072K)
 Metaspace       used 142235K, committed 144576K, reserved 1179648K
  class space    used 18734K, committed 19840K, reserved 1048576K
}
Event: 455.743 GC heap before
{Heap before GC invocations=63 (full 0):
 garbage-first heap   total 258048K, used 146944K [0x0000000080000000, 0x0000000100000000)
  region size 1024K, 21 young (21504K), 3 survivors (3072K)
 Metaspace       used 143409K, committed 145664K, reserved 1179648K
  class space    used 18928K, committed 20032K, reserved 1048576K
}
Event: 455.749 GC heap after
{Heap after GC invocations=64 (full 0):
 garbage-first heap   total 258048K, used 132128K [0x0000000080000000, 0x0000000100000000)
  region size 1024K, 5 young (5120K), 5 survivors (5120K)
 Metaspace       used 143409K, committed 145664K, reserved 1179648K
  class space    used 18928K, committed 20032K, reserved 1048576K
}
Event: 459.145 GC heap before
{Heap before GC invocations=65 (full 0):
 garbage-first heap   total 260096K, used 258080K [0x0000000080000000, 0x0000000100000000)
  region size 1024K, 99 young (101376K), 5 survivors (5120K)
 Metaspace       used 147010K, committed 149376K, reserved 1179648K
  class space    used 19474K, committed 20672K, reserved 1048576K
}
Event: 459.160 GC heap after
{Heap after GC invocations=66 (full 0):
 garbage-first heap   total 264192K, used 131024K [0x0000000080000000, 0x0000000100000000)
  region size 1024K, 4 young (4096K), 4 survivors (4096K)
 Metaspace       used 147010K, committed 149376K, reserved 1179648K
  class space    used 19474K, committed 20672K, reserved 1048576K
}
Event: 783.208 GC heap before
{Heap before GC invocations=66 (full 0):
 garbage-first heap   total 264192K, used 241616K [0x0000000080000000, 0x0000000100000000)
  region size 1024K, 113 young (115712K), 4 survivors (4096K)
 Metaspace       used 147393K, committed 149760K, reserved 1179648K
  class space    used 19478K, committed 20672K, reserved 1048576K
}
Event: 783.342 GC heap after
{Heap after GC invocations=67 (full 0):
 garbage-first heap   total 264192K, used 131638K [0x0000000080000000, 0x0000000100000000)
  region size 1024K, 7 young (7168K), 7 survivors (7168K)
 Metaspace       used 147393K, committed 149760K, reserved 1179648K
  class space    used 19478K, committed 20672K, reserved 1048576K
}
Event: 940.155 GC heap before
{Heap before GC invocations=67 (full 0):
 garbage-first heap   total 264192K, used 242230K [0x0000000080000000, 0x0000000100000000)
  region size 1024K, 115 young (117760K), 7 survivors (7168K)
 Metaspace       used 147811K, committed 150208K, reserved 1179648K
  class space    used 19482K, committed 20672K, reserved 1048576K
}
Event: 940.282 GC heap after
{Heap after GC invocations=68 (full 0):
 garbage-first heap   total 264192K, used 136295K [0x0000000080000000, 0x0000000100000000)
  region size 1024K, 12 young (12288K), 12 survivors (12288K)
 Metaspace       used 147811K, committed 150208K, reserved 1179648K
  class space    used 19482K, committed 20672K, reserved 1048576K
}

