GC Precious Log:
 CardTable entry size: 512
 Card Set container configuration: InlinePtr #cards 5 size 8 Array Of Cards #cards 12 size 40 Howl #buckets 4 coarsen threshold 1843 Howl Bitmap #cards 512 size 80 coarsen threshold 460 Card regions per heap region 1 cards per card region 2048
 CPUs: 4 total, 4 available
 Memory: 7934M
 Large Page Support: Disabled
 NUMA Support: Disabled
 Compressed Oops: Enabled (32-bit)
 Heap Region Size: 1M
 Heap Min Capacity: 8M
 Heap Initial Capacity: 124M
 Heap Max Capacity: 2G
 Pre-touch: Disabled
 Parallel Workers: 4
 Concurrent Workers: 1
 Concurrent Refinement Workers: 4
 Periodic GC: Disabled
Heap:
 garbage-first heap   total 222208K, used 189434K [0x0000000080000000, 0x0000000100000000)
  region size 1024K, 61 young (62464K), 8 survivors (8192K)
 Metaspace       used 114451K, committed 116608K, reserved 1179648K
  class space    used 15171K, committed 16256K, reserved 1048576K
GC Heap History (20 events):
Event: 28.001 GC heap before
{Heap before GC invocations=39 (full 0):
 garbage-first heap   total 156672K, used 141842K [0x0000000080000000, 0x0000000100000000)
  region size 1024K, 64 young (65536K), 5 survivors (5120K)
 Metaspace       used 95727K, committed 97792K, reserved 1179648K
  class space    used 13073K, committed 14144K, reserved 1048576K
}
Event: 28.012 GC heap after
{Heap after GC invocations=40 (full 0):
 garbage-first heap   total 156672K, used 84725K [0x0000000080000000, 0x0000000100000000)
  region size 1024K, 6 young (6144K), 6 survivors (6144K)
 Metaspace       used 95727K, committed 97792K, reserved 1179648K
  class space    used 13073K, committed 14144K, reserved 1048576K
}
Event: 29.767 GC heap before
{Heap before GC invocations=40 (full 0):
 garbage-first heap   total 156672K, used 140021K [0x0000000080000000, 0x0000000100000000)
  region size 1024K, 61 young (62464K), 6 survivors (6144K)
 Metaspace       used 98372K, committed 100480K, reserved 1179648K
  class space    used 13473K, committed 14528K, reserved 1048576K
}
Event: 29.780 GC heap after
{Heap after GC invocations=41 (full 0):
 garbage-first heap   total 156672K, used 89537K [0x0000000080000000, 0x0000000100000000)
  region size 1024K, 8 young (8192K), 8 survivors (8192K)
 Metaspace       used 98372K, committed 100480K, reserved 1179648K
  class space    used 13473K, committed 14528K, reserved 1048576K
}
Event: 30.389 GC heap before
{Heap before GC invocations=41 (full 0):
 garbage-first heap   total 156672K, used 120257K [0x0000000080000000, 0x0000000100000000)
  region size 1024K, 40 young (40960K), 8 survivors (8192K)
 Metaspace       used 98674K, committed 100800K, reserved 1179648K
  class space    used 13523K, committed 14592K, reserved 1048576K
}
Event: 30.400 GC heap after
{Heap after GC invocations=42 (full 0):
 garbage-first heap   total 156672K, used 92699K [0x0000000080000000, 0x0000000100000000)
  region size 1024K, 5 young (5120K), 5 survivors (5120K)
 Metaspace       used 98674K, committed 100800K, reserved 1179648K
  class space    used 13523K, committed 14592K, reserved 1048576K
}
Event: 32.497 GC heap before
{Heap before GC invocations=43 (full 0):
 garbage-first heap   total 165888K, used 146971K [0x0000000080000000, 0x0000000100000000)
  region size 1024K, 52 young (53248K), 5 survivors (5120K)
 Metaspace       used 101886K, committed 103936K, reserved 1179648K
  class space    used 13811K, committed 14848K, reserved 1048576K
}
Event: 32.516 GC heap after
{Heap after GC invocations=44 (full 0):
 garbage-first heap   total 172032K, used 111616K [0x0000000080000000, 0x0000000100000000)
  region size 1024K, 7 young (7168K), 7 survivors (7168K)
 Metaspace       used 101886K, committed 103936K, reserved 1179648K
  class space    used 13811K, committed 14848K, reserved 1048576K
}
Event: 33.535 GC heap before
{Heap before GC invocations=44 (full 0):
 garbage-first heap   total 172032K, used 151552K [0x0000000080000000, 0x0000000100000000)
  region size 1024K, 40 young (40960K), 7 survivors (7168K)
 Metaspace       used 102205K, committed 104320K, reserved 1179648K
  class space    used 13835K, committed 14912K, reserved 1048576K
}
Event: 33.549 GC heap after
{Heap after GC invocations=45 (full 0):
 garbage-first heap   total 172032K, used 119808K [0x0000000080000000, 0x0000000100000000)
  region size 1024K, 5 young (5120K), 5 survivors (5120K)
 Metaspace       used 102205K, committed 104320K, reserved 1179648K
  class space    used 13835K, committed 14912K, reserved 1048576K
}
Event: 33.942 GC heap before
{Heap before GC invocations=45 (full 0):
 garbage-first heap   total 172032K, used 133120K [0x0000000080000000, 0x0000000100000000)
  region size 1024K, 20 young (20480K), 5 survivors (5120K)
 Metaspace       used 102295K, committed 104384K, reserved 1179648K
  class space    used 13841K, committed 14912K, reserved 1048576K
}
Event: 33.957 GC heap after
{Heap after GC invocations=46 (full 0):
 garbage-first heap   total 172032K, used 125952K [0x0000000080000000, 0x0000000100000000)
  region size 1024K, 5 young (5120K), 5 survivors (5120K)
 Metaspace       used 102295K, committed 104384K, reserved 1179648K
  class space    used 13841K, committed 14912K, reserved 1048576K
}
Event: 35.181 GC heap before
{Heap before GC invocations=47 (full 0):
 garbage-first heap   total 222208K, used 165888K [0x0000000080000000, 0x0000000100000000)
  region size 1024K, 30 young (30720K), 5 survivors (5120K)
 Metaspace       used 104727K, committed 106816K, reserved 1179648K
  class space    used 14075K, committed 15104K, reserved 1048576K
}
Event: 35.191 GC heap after
{Heap after GC invocations=48 (full 0):
 garbage-first heap   total 222208K, used 127873K [0x0000000080000000, 0x0000000100000000)
  region size 1024K, 2 young (2048K), 2 survivors (2048K)
 Metaspace       used 104727K, committed 106816K, reserved 1179648K
  class space    used 14075K, committed 15104K, reserved 1048576K
}
Event: 36.803 GC heap before
{Heap before GC invocations=48 (full 0):
 garbage-first heap   total 222208K, used 191361K [0x0000000080000000, 0x0000000100000000)
  region size 1024K, 65 young (66560K), 2 survivors (2048K)
 Metaspace       used 106752K, committed 108928K, reserved 1179648K
  class space    used 14283K, committed 15424K, reserved 1048576K
}
Event: 36.813 GC heap after
{Heap after GC invocations=49 (full 0):
 garbage-first heap   total 222208K, used 133376K [0x0000000080000000, 0x0000000100000000)
  region size 1024K, 9 young (9216K), 9 survivors (9216K)
 Metaspace       used 106752K, committed 108928K, reserved 1179648K
  class space    used 14283K, committed 15424K, reserved 1048576K
}
Event: 38.196 GC heap before
{Heap before GC invocations=49 (full 0):
 garbage-first heap   total 222208K, used 192768K [0x0000000080000000, 0x0000000100000000)
  region size 1024K, 68 young (69632K), 9 survivors (9216K)
 Metaspace       used 112971K, committed 115072K, reserved 1179648K
  class space    used 15000K, committed 16064K, reserved 1048576K
}
Event: 38.206 GC heap after
{Heap after GC invocations=50 (full 0):
 garbage-first heap   total 222208K, used 132135K [0x0000000080000000, 0x0000000100000000)
  region size 1024K, 3 young (3072K), 3 survivors (3072K)
 Metaspace       used 112971K, committed 115072K, reserved 1179648K
  class space    used 15000K, committed 16064K, reserved 1048576K
}
Event: 39.855 GC heap before
{Heap before GC invocations=50 (full 0):
 garbage-first heap   total 222208K, used 196647K [0x0000000080000000, 0x0000000100000000)
  region size 1024K, 67 young (68608K), 3 survivors (3072K)
 Metaspace       used 113589K, committed 115712K, reserved 1179648K
  class space    used 15070K, committed 16192K, reserved 1048576K
}
Event: 39.862 GC heap after
{Heap after GC invocations=51 (full 0):
 garbage-first heap   total 222208K, used 137210K [0x0000000080000000, 0x0000000100000000)
  region size 1024K, 8 young (8192K), 8 survivors (8192K)
 Metaspace       used 113589K, committed 115712K, reserved 1179648K
  class space    used 15070K, committed 16192K, reserved 1048576K
}

